[01m[K/home/pandanuc3/catkin_ws4/src/moveit_tutorials/doc/move_group_interface/src/move_group_interface_tutorial.cpp:[m[K In function â€˜[01m[Kint main(int, char**)[m[Kâ€™:
[01m[K/home/pandanuc3/catkin_ws4/src/moveit_tutorials/doc/move_group_interface/src/move_group_interface_tutorial.cpp:742:3:[m[K [01;31m[Kerror: [m[Kâ€˜[01m[Kgroup[m[Kâ€™ was not declared in this scope
   group.setPlanningTime(45.0);
[01;32m[K   ^[m[K
[01m[K/home/pandanuc3/catkin_ws4/src/moveit_tutorials/doc/move_group_interface/src/move_group_interface_tutorial.cpp:742:3:[m[K [01;36m[Knote: [m[Ksuggested alternative:
In file included from [01m[K/usr/include/boost/format.hpp:48:0[m[K,
                 from [01m[K/usr/include/boost/math/policies/error_handling.hpp:31[m[K,
                 from [01m[K/usr/include/boost/math/special_functions/round.hpp:14[m[K,
                 from [01m[K/opt/ros/kinetic/include/ros/time.h:58[m[K,
                 from [01m[K/opt/ros/kinetic/include/ros/serialization.h:34[m[K,
                 from [01m[K/opt/ros/kinetic/include/geometry_msgs/PointStamped.h:14[m[K,
                 from [01m[K/opt/ros/kinetic/include/tf/transform_datatypes.h:36[m[K,
                 from [01m[K/home/pandanuc3/catkin_ws4/src/moveit_tutorials/doc/move_group_interface/src/move_group_interface_tutorial.cpp:37[m[K:
[01m[K/usr/include/boost/format/group.hpp:667:3:[m[K [01;36m[Knote: [m[K  â€˜[01m[Kboost::io::group[m[Kâ€™
   group(T1 a1,T2 a2,T3 a3,T4 a4,T5 a5,T6 a6,T7 a7,T8 a8,T9 a9, Var& var)
[01;32m[K   ^[m[K
make[2]: *** [doc/move_group_interface/CMakeFiles/move_group_interface_tutorial.dir/src/move_group_interface_tutorial.cpp.o] Error 1
make[1]: *** [doc/move_group_interface/CMakeFiles/move_group_interface_tutorial.dir/all] Error 2
make: *** [all] Error 2
